<?xml version="1.0" encoding="UTF-8"?>
<!-- Generated by org.testng.reporters.JUnitXMLReporter -->
<testsuite hostname="II5MACMINI-04.local" ignored="0" name="TestOnAndroid" tests="1" failures="0" timestamp="15 Jun 2017 05:51:46 GMT" time="0.052" errors="0">
  <testcase name="@BeforeClass setUp" time="0.0" classname="crossBrowserTesting.CrossBrowserTestingTestNG">
    <failure type="org.testng.TestNGException" message="
Parameter &amp;apos;os&amp;apos; is required by BeforeClass on method setUp but has not been marked @Optional or defined
in /Users/sujitsoni/Documents/workspace/aramistrk/DesktopTestng.xml">
      <![CDATA[org.testng.TestNGException: 
Parameter 'os' is required by BeforeClass on method setUp but has not been marked @Optional or defined
in /Users/sujitsoni/Documents/workspace/aramistrk/DesktopTestng.xml
... Removed 22 stack frames]]>
    </failure>
  </testcase> <!-- @BeforeClass setUp -->
  <testcase name="@AfterClass done" time="0.0" classname="crossBrowserTesting.CrossBrowserTestingTestNG">
    <skipped/>
  </testcase> <!-- @AfterClass done -->
  <testcase name="testLandingPage" time="0.006" classname="testSuite.LandingPage">
    <skipped/>
  </testcase> <!-- testLandingPage -->
</testsuite> <!-- TestOnAndroid -->
