<?xml version="1.0" encoding="UTF-8"?>
<!-- Generated by org.testng.reporters.JUnitXMLReporter -->
<testsuite hostname="II5MACMINI-04.local" ignored="0" name="FirstTest" tests="1" failures="0" timestamp="01 Jun 2017 09:48:19 GMT" time="470.151" errors="0">
  <testcase name="@AfterClass done" time="0.0" classname="crossBrowserTesting.CrossBrowserTestingTestNG">
    <failure type="org.openqa.selenium.WebDriverException" message="Unknown sessionId: db7faae6798945d5a5a650fe57b9883c
Command duration or timeout: 546 milliseconds
Build info: version: &amp;apos;3.4.0&amp;apos;, revision: &amp;apos;unknown&amp;apos;, time: &amp;apos;unknown&amp;apos;
System info: host: &amp;apos;II5MACMINI-04.local&amp;apos;, ip: &amp;apos;10.50.249.64&amp;apos;, os.name: &amp;apos;Mac OS X&amp;apos;, os.arch: &amp;apos;x86_64&amp;apos;, os.version: &amp;apos;10.12.3&amp;apos;, java.version: &amp;apos;1.8.0_111&amp;apos;
Driver info: org.openqa.selenium.remote.RemoteWebDriver
Capabilities [{applicationCacheEnabled=false, rotatable=false, chrome={}, takesHeapSnapshot=true, databaseEnabled=false, handlesAlerts=true, version=53.0.2785.124, platform=ANDROID, browserConnectionEnabled=false, nativeEvents=true, acceptSslCerts=true, locationContextEnabled=true, webStorageEnabled=true, browserName=chrome, takesScreenshot=true, javascriptEnabled=true, cssSelectorsEnabled=true}]
Session ID: db7faae6798945d5a5a650fe57b9883c">
      <![CDATA[org.openqa.selenium.WebDriverException: Unknown sessionId: db7faae6798945d5a5a650fe57b9883c
Command duration or timeout: 546 milliseconds
Build info: version: '3.4.0', revision: 'unknown', time: 'unknown'
System info: host: 'II5MACMINI-04.local', ip: '10.50.249.64', os.name: 'Mac OS X', os.arch: 'x86_64', os.version: '10.12.3', java.version: '1.8.0_111'
Driver info: org.openqa.selenium.remote.RemoteWebDriver
Capabilities [{applicationCacheEnabled=false, rotatable=false, chrome={}, takesHeapSnapshot=true, databaseEnabled=false, handlesAlerts=true, version=53.0.2785.124, platform=ANDROID, browserConnectionEnabled=false, nativeEvents=true, acceptSslCerts=true, locationContextEnabled=true, webStorageEnabled=true, browserName=chrome, takesScreenshot=true, javascriptEnabled=true, cssSelectorsEnabled=true}]
Session ID: db7faae6798945d5a5a650fe57b9883c
	at org.openqa.selenium.remote.ErrorHandler.createThrowable(ErrorHandler.java:215)
	at org.openqa.selenium.remote.ErrorHandler.throwIfResponseFailed(ErrorHandler.java:167)
	at org.openqa.selenium.remote.RemoteWebDriver.execute(RemoteWebDriver.java:671)
	at org.openqa.selenium.remote.RemoteWebDriver.execute(RemoteWebDriver.java:694)
	at org.openqa.selenium.remote.RemoteWebDriver.quit(RemoteWebDriver.java:533)
	at crossBrowserTesting.CrossBrowserTestingTestNG.done(CrossBrowserTestingTestNG.java:127)
	at java.util.concurrent.FutureTask.run(FutureTask.java:266)
	at java.util.concurrent.ThreadPoolExecutor.runWorker(ThreadPoolExecutor.java:1142)
	at java.util.concurrent.ThreadPoolExecutor$Worker.run(ThreadPoolExecutor.java:617)
	at java.lang.Thread.run(Thread.java:745)
... Removed 20 stack frames]]>
    </failure>
  </testcase> <!-- @AfterClass done -->
  <testcase name="testLandingPage" time="445.648" classname="testSuite.LandingPage"/>
</testsuite> <!-- FirstTest -->
