<?xml version="1.0" encoding="UTF-8"?>
<!-- Generated by org.testng.reporters.JUnitXMLReporter -->
<testsuite hostname="II5MACMINI-04.local" ignored="0" name="LandingPage" tests="3" failures="0" timestamp="27 Apr 2017 11:13:26 GMT" time="35.422" errors="0">
  <testcase name="testLandingPage" time="21.537" classname="testSuite.LandingPage"/>
  <testcase name="testSurveyFlow" time="5.921" classname="testSuite.LandingPage"/>
  <testcase name="SurveyConfirmationPage" time="4.201" classname="testSuite.LandingPage"/>
</testsuite> <!-- LandingPage -->
