<?xml version="1.0" encoding="UTF-8"?>
<!-- Generated by org.testng.reporters.JUnitXMLReporter -->
<testsuite hostname="II5MACMINI-04.local" ignored="0" name="On IOs" tests="1" failures="0" timestamp="09 May 2017 10:08:19 GMT" time="365.515" errors="0">
  <testcase name="@BeforeClass setUp" time="0.0" classname="crossBrowserTesting.CrossBrowserTestingTestNG">
    <failure type="org.openqa.selenium.SessionNotCreatedException" message="Unable to create new remote session. desired capabilities = Capabilities [{browser_api_name=MblSafari10.0, record_network=true, record_video=true, os_api_name=iPhone7Plus-iOS10sim, name=AT Script - iPhone7Plus-iOS10sim, screen_resolution=1024x768}], required capabilities = Capabilities [{}]
Build info: version: &amp;apos;3.0.1&amp;apos;, revision: &amp;apos;1969d75&amp;apos;, time: &amp;apos;2016-10-18 09:49:13 -0700&amp;apos;
System info: host: &amp;apos;II5MACMINI-04.local&amp;apos;, ip: &amp;apos;169.254.102.52&amp;apos;, os.name: &amp;apos;Mac OS X&amp;apos;, os.arch: &amp;apos;x86_64&amp;apos;, os.version: &amp;apos;10.12.3&amp;apos;, java.version: &amp;apos;1.8.0_111&amp;apos;
Driver info: driver.version: RemoteWebDriver">
      <![CDATA[org.openqa.selenium.SessionNotCreatedException: Unable to create new remote session. desired capabilities = Capabilities [{browser_api_name=MblSafari10.0, record_network=true, record_video=true, os_api_name=iPhone7Plus-iOS10sim, name=AT Script - iPhone7Plus-iOS10sim, screen_resolution=1024x768}], required capabilities = Capabilities [{}]
Build info: version: '3.0.1', revision: '1969d75', time: '2016-10-18 09:49:13 -0700'
System info: host: 'II5MACMINI-04.local', ip: '169.254.102.52', os.name: 'Mac OS X', os.arch: 'x86_64', os.version: '10.12.3', java.version: '1.8.0_111'
Driver info: driver.version: RemoteWebDriver
	at org.openqa.selenium.remote.ProtocolHandshake.createSession(ProtocolHandshake.java:91)
	at org.openqa.selenium.remote.HttpCommandExecutor.execute(HttpCommandExecutor.java:141)
	at org.openqa.selenium.remote.RemoteWebDriver.execute(RemoteWebDriver.java:601)
	at org.openqa.selenium.remote.RemoteWebDriver.startSession(RemoteWebDriver.java:241)
	at org.openqa.selenium.remote.RemoteWebDriver.<init>(RemoteWebDriver.java:128)
	at org.openqa.selenium.remote.RemoteWebDriver.<init>(RemoteWebDriver.java:155)
	at crossBrowserTesting.CrossBrowserTestingTestNG.setUp(CrossBrowserTestingTestNG.java:48)
... Removed 25 stack frames]]>
    </failure>
  </testcase> <!-- @BeforeClass setUp -->
  <testcase name="@AfterClass tearDown" time="0.0" classname="crossBrowserTesting.CrossBrowserTestingTestNG">
    <skipped/>
  </testcase> <!-- @AfterClass tearDown -->
  <testcase name="testLandingPage" time="0.001" classname="testSuite.LandingPage">
    <skipped/>
  </testcase> <!-- testLandingPage -->
</testsuite> <!-- On IOs -->
