<?xml version="1.0" encoding="UTF-8"?>
<testng-results skipped="0" failed="0" ignored="0" total="1" passed="1">
  <reporter-output>
  </reporter-output>
  <suite name="Suite" duration-ms="132016" started-at="2017-05-16T13:35:34Z" finished-at="2017-05-16T13:37:46Z">
    <groups>
    </groups>
    <test name="Window 10 Chrome" duration-ms="132016" started-at="2017-05-16T13:35:34Z" finished-at="2017-05-16T13:37:46Z">
      <class name="testSuite.LandingPage">
        <test-method status="PASS" signature="setUp(java.lang.String, java.lang.String)[pri:0, instance:testSuite.LandingPage@dc24521]" name="setUp" is-config="true" duration-ms="1909" started-at="2017-05-16T19:05:34Z" finished-at="2017-05-16T19:05:36Z">
          <params>
            <param index="0">
              <value>
                <![CDATA[Win10-E14]]>
              </value>
            </param>
            <param index="1">
              <value>
                <![CDATA[Chrome58x64]]>
              </value>
            </param>
          </params>
          <reporter-output>
          </reporter-output>
        </test-method> <!-- setUp -->
        <test-method status="PASS" signature="setUp()[pri:0, instance:testSuite.LandingPage@dc24521]" name="setUp" is-config="true" duration-ms="0" started-at="2017-05-16T19:05:36Z" finished-at="2017-05-16T19:05:36Z">
          <reporter-output>
          </reporter-output>
        </test-method> <!-- setUp -->
        <test-method status="PASS" signature="testLandingPage(java.lang.String, java.lang.String)[pri:1, instance:testSuite.LandingPage@dc24521]" name="testLandingPage" duration-ms="130081" started-at="2017-05-16T19:05:36Z" finished-at="2017-05-16T19:07:46Z">
          <params>
            <param index="0">
              <value>
                <![CDATA[Win10-E14]]>
              </value>
            </param>
            <param index="1">
              <value>
                <![CDATA[Chrome58x64]]>
              </value>
            </param>
          </params>
          <reporter-output>
          </reporter-output>
        </test-method> <!-- testLandingPage -->
        <test-method status="PASS" signature="tearDown()[pri:0, instance:testSuite.LandingPage@dc24521]" name="tearDown" is-config="true" duration-ms="1" started-at="2017-05-16T19:07:46Z" finished-at="2017-05-16T19:07:46Z">
          <reporter-output>
          </reporter-output>
        </test-method> <!-- tearDown -->
      </class> <!-- testSuite.LandingPage -->
    </test> <!-- Window 10 Chrome -->
  </suite> <!-- Suite -->
</testng-results>
