<?xml version="1.0" encoding="UTF-8"?>
<testng-results skipped="0" failed="0" ignored="0" total="1" passed="1">
  <reporter-output>
  </reporter-output>
  <suite name="Suite" duration-ms="331931" started-at="2017-05-18T13:23:13Z" finished-at="2017-05-18T13:28:45Z">
    <groups>
    </groups>
    <test name="Window 10 Chrome" duration-ms="331931" started-at="2017-05-18T13:23:13Z" finished-at="2017-05-18T13:28:45Z">
      <class name="testSuite.LandingPage">
        <test-method status="PASS" signature="setUp(java.lang.String, java.lang.String)[pri:0, instance:testSuite.LandingPage@6fd02e5]" name="setUp" is-config="true" duration-ms="25498" started-at="2017-05-18T18:53:13Z" finished-at="2017-05-18T18:53:39Z">
          <params>
            <param index="0">
              <value>
                <![CDATA[Win10-E14]]>
              </value>
            </param>
            <param index="1">
              <value>
                <![CDATA[Chrome58x64]]>
              </value>
            </param>
          </params>
          <reporter-output>
          </reporter-output>
        </test-method> <!-- setUp -->
        <test-method status="PASS" signature="setUp()[pri:0, instance:testSuite.LandingPage@6fd02e5]" name="setUp" is-config="true" duration-ms="0" started-at="2017-05-18T18:53:39Z" finished-at="2017-05-18T18:53:39Z">
          <reporter-output>
          </reporter-output>
        </test-method> <!-- setUp -->
        <test-method status="PASS" signature="testLandingPage(java.lang.String, java.lang.String)[pri:1, instance:testSuite.LandingPage@6fd02e5]" name="testLandingPage" duration-ms="306061" started-at="2017-05-18T18:53:39Z" finished-at="2017-05-18T18:58:45Z">
          <params>
            <param index="0">
              <value>
                <![CDATA[Win10-E14]]>
              </value>
            </param>
            <param index="1">
              <value>
                <![CDATA[Chrome58x64]]>
              </value>
            </param>
          </params>
          <reporter-output>
          </reporter-output>
        </test-method> <!-- testLandingPage -->
        <test-method status="PASS" signature="done()[pri:0, instance:testSuite.LandingPage@6fd02e5]" name="done" is-config="true" duration-ms="344" started-at="2017-05-18T18:58:45Z" finished-at="2017-05-18T18:58:45Z">
          <reporter-output>
          </reporter-output>
        </test-method> <!-- done -->
      </class> <!-- testSuite.LandingPage -->
    </test> <!-- Window 10 Chrome -->
  </suite> <!-- Suite -->
</testng-results>
